Initializing RocksDB Options from the specified file
Initializing RocksDB Options from command-line flags
Keys:       48 bytes each
Values:     256 bytes each (128 bytes after compression)
Entries:    50000000
Prefix:    0 bytes
Keys per prefix:    0
RawSize:    14495.8 MB (estimated)
FileSize:   8392.3 MB (estimated)
Write rate: 0 bytes/second
Read rate: 0 ops/second
Compression: Snappy
Compression sampling rate: 0
Memtablerep: skip_list
Perf Level: 1
WARNING: Assertions are enabled; benchmarks unnecessarily slow
------------------------------------------------
DB path: [/home/ubuntu/ssd_150g]
mixgraph2    :     321.771 micros/op 3107 ops/sec;    0.7 MB/s ( Gets:1719149 Puts:280851 Seek:0, reads 1719149 in 1719149 found, avg size: 36.4 value, -nan scan)
 PERF_CONTEXT:
user_key_comparison_count = 0, block_cache_hit_count = 0, block_read_count = 0, block_read_byte = 0, block_read_time = 0, block_cache_index_hit_count = 0, index_block_read_count = 0, block_cache_filter_hit_count = 0, filter_block_read_count = 0, compression_dict_block_read_count = 0, block_checksum_time = 0, block_decompress_time = 0, get_read_bytes = 0, multiget_read_bytes = 0, iter_read_bytes = 0, internal_key_skipped_count = 0, internal_delete_skipped_count = 0, internal_recent_skipped_count = 0, internal_merge_count = 0, write_wal_time = 0, get_snapshot_time = 0, get_from_memtable_time = 0, get_from_memtable_count = 0, get_post_process_time = 0, get_from_output_files_time = 0, seek_on_memtable_time = 0, seek_on_memtable_count = 0, next_on_memtable_count = 0, prev_on_memtable_count = 0, seek_child_seek_time = 0, seek_child_seek_count = 0, seek_min_heap_time = 0, seek_internal_seek_time = 0, find_next_user_entry_time = 0, write_pre_and_post_process_time = 0, write_memtable_time = 0, write_thread_wait_nanos = 0, write_scheduling_flushes_compactions_time = 0, db_mutex_lock_nanos = 0, db_condition_wait_nanos = 0, merge_operator_time_nanos = 0, write_delay_time = 0, read_index_block_nanos = 0, read_filter_block_nanos = 0, new_table_block_iter_nanos = 0, new_table_iterator_nanos = 0, block_seek_nanos = 0, find_table_nanos = 0, bloom_memtable_hit_count = 0, bloom_memtable_miss_count = 0, bloom_sst_hit_count = 0, bloom_sst_miss_count = 0, key_lock_wait_time = 0, key_lock_wait_count = 0, env_new_sequential_file_nanos = 0, env_new_random_access_file_nanos = 0, env_new_writable_file_nanos = 0, env_reuse_writable_file_nanos = 0, env_new_random_rw_file_nanos = 0, env_new_directory_nanos = 0, env_file_exists_nanos = 0, env_get_children_nanos = 0, env_get_children_file_attributes_nanos = 0, env_delete_file_nanos = 0, env_create_dir_nanos = 0, env_create_dir_if_missing_nanos = 0, env_delete_dir_nanos = 0, env_get_file_size_nanos = 0, env_get_file_modification_time_nanos = 0, env_rename_file_nanos = 0, env_link_file_nanos = 0, env_lock_file_nanos = 0, env_unlock_file_nanos = 0, env_new_logger_nanos = 0, get_cpu_nanos = 0, iter_next_cpu_nanos = 0, iter_prev_cpu_nanos = 0, iter_seek_cpu_nanos = 0, bloom_filter_useful = bloom_filter_full_positive = bloom_filter_full_true_positive = block_cache_hit_count = block_cache_miss_count = 
Microseconds per read:
Count: 1719149 Average: 343.4350  StdDev: 104.26
Min: 1  Median: 325.3249  Max: 8468
Percentiles: P50: 325.32 P75: 367.83 P99: 796.45 P99.9: 1135.48 P99.99: 1746.94
------------------------------------------------------
[       0,       1 ]       14   0.001%   0.001% 
(       1,       2 ]     1336   0.078%   0.079% 
(       2,       3 ]    11006   0.640%   0.719% 
(       3,       4 ]    14884   0.866%   1.585% 
(       4,       6 ]     9748   0.567%   2.152% 
(       6,      10 ]      929   0.054%   2.206% 
(      10,      15 ]      128   0.007%   2.213% 
(      15,      22 ]       79   0.005%   2.218% 
(      22,      34 ]       10   0.001%   2.218% 
(      34,      51 ]        1   0.000%   2.218% 
(      76,     110 ]      192   0.011%   2.229% 
(     110,     170 ]    57691   3.356%   5.585% #
(     170,     250 ]     1857   0.108%   5.693% 
(     250,     380 ]  1314585  76.467%  82.160% ###############
(     380,     580 ]   249980  14.541%  96.701% ###
(     580,     870 ]    52945   3.080%  99.781% #
(     870,    1300 ]     3312   0.193%  99.974% 
(    1300,    1900 ]      376   0.022%  99.996% 
(    1900,    2900 ]       41   0.002%  99.998% 
(    2900,    4400 ]       33   0.002% 100.000% 
(    4400,    6600 ]        1   0.000% 100.000% 
(    6600,    9900 ]        1   0.000% 100.000% 

Microseconds per readHiccup:
Count: 844 Average: 342.8329  StdDev: 111.54
Min: 2  Median: 325.4644  Max: 1277
Percentiles: P50: 325.46 P75: 367.93 P99: 805.60 P99.9: 1118.54 P99.99: 1277.00
------------------------------------------------------
(       1,       2 ]        1   0.118%   0.118% 
(       2,       3 ]        7   0.829%   0.948% 
(       3,       4 ]       11   1.303%   2.251% 
(       4,       6 ]        7   0.829%   3.081% 
(     110,     170 ]       21   2.488%   5.569% 
(     250,     380 ]      646  76.540%  82.109% ###############
(     380,     580 ]      120  14.218%  96.327% ###
(     580,     870 ]       29   3.436%  99.763% #
(     870,    1300 ]        2   0.237% 100.000% 

Microseconds per write:
Count: 280851 Average: 10.2507  StdDev: 3.50
Min: 4  Median: 9.1082  Max: 95
Percentiles: P50: 9.11 P75: 11.99 P99: 25.18 P99.9: 37.34 P99.99: 60.09
------------------------------------------------------
(       3,       4 ]      271   0.096%   0.096% 
(       4,       6 ]    21054   7.497%   7.593% #
(       6,      10 ]   153275  54.575%  62.168% ###########
(      10,      15 ]    90670  32.284%  94.452% ######
(      15,      22 ]    11884   4.231%  98.684% #
(      22,      34 ]     3358   1.196%  99.879% 
(      34,      51 ]      296   0.105%  99.985% 
(      51,      76 ]       41   0.015%  99.999% 
(      76,     110 ]        2   0.001% 100.000% 

Microseconds per writeHiccup:
Count: 156 Average: 10.7436  StdDev: 2.66
Min: 5  Median: 10.0685  Max: 24
Percentiles: P50: 10.07 P75: 12.74 P99: 21.22 P99.9: 24.00 P99.99: 24.00
------------------------------------------------------
(       4,       6 ]        6   3.846%   3.846% #
(       6,      10 ]       71  45.513%  49.359% #########
(      10,      15 ]       73  46.795%  96.154% #########
(      15,      22 ]        5   3.205%  99.359% #
(      22,      34 ]        1   0.641% 100.000% 


Level Files Size(MB)
--------------------
  0        2       16
  1        5      217
  2       47     2554
  3      157     8166
  4        0        0
  5        0        0
  6        0        0



** Compaction Stats [default] **
Level    Files   Size     Score Read(GB)  Rn(GB) Rnp1(GB) Write(GB) Wnew(GB) Moved(GB) W-Amp Rd(MB/s) Wr(MB/s) Comp(sec) CompMergeCPU(sec) Comp(cnt) Avg(sec) KeyIn KeyDrop
----------------------------------------------------------------------------------------------------------------------------------------------------------------------------
  L0      2/0   16.11 MB   0.5      0.0     0.0      0.0       0.0      0.0       0.0   1.0      0.0     72.4      0.14              0.00         1    0.144       0      0
  L1      5/0   217.34 MB   0.8      0.0     0.0      0.0       0.0      0.0       0.0   0.0      0.0      0.0      0.00              0.00         0    0.000       0      0
  L2     47/0    2.49 GB   1.0      0.0     0.0      0.0       0.0      0.0       0.0   0.0      0.0      0.0      0.00              0.00         0    0.000       0      0
  L3    157/0    7.97 GB   0.3      0.0     0.0      0.0       0.0      0.0       0.0   0.0      0.0      0.0      0.00              0.00         0    0.000       0      0
 Sum    211/0   10.70 GB   0.0      0.0     0.0      0.0       0.0      0.0       0.0   1.0      0.0     72.4      0.14              0.00         1    0.144       0      0
 Int      0/0    0.00 KB   0.0      0.0     0.0      0.0       0.0      0.0       0.0   0.0      0.0      0.0      0.00              0.00         0    0.000       0      0

** Compaction Stats [default] **
Priority    Files   Size     Score Read(GB)  Rn(GB) Rnp1(GB) Write(GB) Wnew(GB) Moved(GB) W-Amp Rd(MB/s) Wr(MB/s) Comp(sec) CompMergeCPU(sec) Comp(cnt) Avg(sec) KeyIn KeyDrop
-------------------------------------------------------------------------------------------------------------------------------------------------------------------------------
User      0/0    0.00 KB   0.0      0.0     0.0      0.0       0.0      0.0       0.0   0.0      0.0     72.4      0.14              0.00         1    0.144       0      0
Uptime(secs): 644.5 total, 43.6 interval
Flush(GB): cumulative 0.010, interval 0.000
AddFile(GB): cumulative 0.000, interval 0.000
AddFile(Total Files): cumulative 0, interval 0
AddFile(L0 Files): cumulative 0, interval 0
AddFile(Keys): cumulative 0, interval 0
Cumulative compaction: 0.01 GB write, 0.02 MB/s write, 0.00 GB read, 0.00 MB/s read, 0.1 seconds
Interval compaction: 0.00 GB write, 0.00 MB/s write, 0.00 GB read, 0.00 MB/s read, 0.0 seconds
Stalls(count): 0 level0_slowdown, 0 level0_slowdown_with_compaction, 0 level0_numfiles, 0 level0_numfiles_with_compaction, 0 stop for pending_compaction_bytes, 0 slowdown for pending_compaction_bytes, 0 memtable_compaction, 0 memtable_slowdown, interval 0 total count

** File Read Latency Histogram By Level [default] **
** Level 0 read latency histogram (micros):
Count: 55940 Average: 305.9654  StdDev: 94.79
Min: 89  Median: 314.0208  Max: 5308
Percentiles: P50: 314.02 P75: 357.22 P99: 568.03 P99.9: 826.31 P99.99: 3251.50
------------------------------------------------------
(      76,     110 ]      747   1.335%   1.335% 
(     110,     170 ]     6392  11.427%  12.762% ##
(     170,     250 ]      106   0.189%  12.951% 
(     250,     380 ]    42084  75.231%  88.182% ###############
(     380,     580 ]     6437  11.507%  99.689% ##
(     580,     870 ]      139   0.248%  99.937% 
(     870,    1300 ]       18   0.032%  99.970% 
(    1300,    1900 ]       10   0.018%  99.987% 
(    2900,    4400 ]        6   0.011%  99.998% 
(    4400,    6600 ]        1   0.002% 100.000% 

** Level 1 read latency histogram (micros):
Count: 146631 Average: 317.2616  StdDev: 76.88
Min: 102  Median: 318.7683  Max: 4344
Percentiles: P50: 318.77 P75: 359.74 P99: 566.10 P99.9: 672.66 P99.99: 1800.53
------------------------------------------------------
(      76,     110 ]      309   0.211%   0.211% 
(     110,     170 ]    11334   7.730%   7.940% ##
(     170,     250 ]      146   0.100%   8.040% 
(     250,     380 ]   116310  79.322%  87.361% ################
(     380,     580 ]    18340  12.508%  99.869% ###
(     580,     870 ]      142   0.097%  99.966% 
(     870,    1300 ]       32   0.022%  99.988% 
(    1300,    1900 ]        4   0.003%  99.990% 
(    1900,    2900 ]        7   0.005%  99.995% 
(    2900,    4400 ]        7   0.005% 100.000% 

** Level 2 read latency histogram (micros):
Count: 443615 Average: 327.8652  StdDev: 71.18
Min: 102  Median: 322.7048  Max: 8454
Percentiles: P50: 322.70 P75: 362.02 P99: 567.59 P99.9: 756.67 P99.99: 2556.45
------------------------------------------------------
(      76,     110 ]      329   0.074%   0.074% 
(     110,     170 ]    16177   3.647%   3.721% #
(     170,     250 ]      212   0.048%   3.769% 
(     250,     380 ]   366711  82.664%  86.433% #################
(     380,     580 ]    59439  13.399%  99.832% ###
(     580,     870 ]      498   0.112%  99.944% 
(     870,    1300 ]      118   0.027%  99.970% 
(    1300,    1900 ]       42   0.009%  99.980% 
(    1900,    2900 ]       68   0.015%  99.995% 
(    2900,    4400 ]       18   0.004%  99.999% 
(    4400,    6600 ]        1   0.000% 100.000% 
(    6600,    9900 ]        2   0.000% 100.000% 

** Level 3 read latency histogram (micros):
Count: 1099894 Average: 328.5094  StdDev: 69.15
Min: 101  Median: 323.1378  Max: 4400
Percentiles: P50: 323.14 P75: 362.01 P99: 567.66 P99.9: 776.83 P99.99: 2675.83
------------------------------------------------------
(      76,     110 ]      752   0.068%   0.068% 
(     110,     170 ]    31413   2.856%   2.924% #
(     170,     250 ]      441   0.040%   2.964% 
(     250,     380 ]   919557  83.604%  86.569% #################
(     380,     580 ]   145725  13.249%  99.818% ###
(     580,     870 ]     1335   0.121%  99.939% 
(     870,    1300 ]      308   0.028%  99.967% 
(    1300,    1900 ]       80   0.007%  99.974% 
(    1900,    2900 ]      223   0.020%  99.995% 
(    2900,    4400 ]       60   0.005% 100.000% 


** DB Stats **
Uptime(secs): 644.5 total, 43.6 interval
Cumulative writes: 280K writes, 280K keys, 280K commit groups, 1.0 writes per commit group, ingest: 0.03 GB, 0.04 MB/s
Cumulative WAL: 280K writes, 0 syncs, 280851.00 writes per sync, written: 0.03 GB, 0.04 MB/s
Cumulative stall: 00:00:0.000 H:M:S, 0.0 percent
Interval writes: 20K writes, 20K keys, 20K commit groups, 1.0 writes per commit group, ingest: 1.92 MB, 0.04 MB/s
Interval WAL: 20K writes, 0 syncs, 20232.00 writes per sync, written: 0.00 MB, 0.04 MB/s
Interval stall: 00:00:0.000 H:M:S, 0.0 percent

STATISTICS:
rocksdb.block.cache.miss COUNT : 1745667
rocksdb.block.cache.hit COUNT : 0
rocksdb.block.cache.add COUNT : 1745667
rocksdb.block.cache.add.failures COUNT : 0
rocksdb.block.cache.index.miss COUNT : 0
rocksdb.block.cache.index.hit COUNT : 0
rocksdb.block.cache.index.add COUNT : 0
rocksdb.block.cache.index.bytes.insert COUNT : 0
rocksdb.block.cache.index.bytes.evict COUNT : 0
rocksdb.block.cache.filter.miss COUNT : 0
rocksdb.block.cache.filter.hit COUNT : 0
rocksdb.block.cache.filter.add COUNT : 0
rocksdb.block.cache.filter.bytes.insert COUNT : 0
rocksdb.block.cache.filter.bytes.evict COUNT : 0
rocksdb.block.cache.data.miss COUNT : 1745667
rocksdb.block.cache.data.hit COUNT : 0
rocksdb.block.cache.data.add COUNT : 1745667
rocksdb.block.cache.data.bytes.insert COUNT : 7198624576
rocksdb.block.cache.bytes.read COUNT : 0
rocksdb.block.cache.bytes.write COUNT : 7198624576
rocksdb.bloom.filter.useful COUNT : 5484710
rocksdb.bloom.filter.full.positive COUNT : 1745402
rocksdb.bloom.filter.full.true.positive COUNT : 1681014
rocksdb.bloom.filter.micros COUNT : 0
rocksdb.persistent.cache.hit COUNT : 0
rocksdb.persistent.cache.miss COUNT : 0
rocksdb.sim.block.cache.hit COUNT : 0
rocksdb.sim.block.cache.miss COUNT : 0
rocksdb.memtable.hit COUNT : 38135
rocksdb.memtable.miss COUNT : 1681014
rocksdb.l0.hit COUNT : 16951
rocksdb.l1.hit COUNT : 128816
rocksdb.l2andup.hit COUNT : 1535247
rocksdb.compaction.key.drop.new COUNT : 0
rocksdb.compaction.key.drop.obsolete COUNT : 0
rocksdb.compaction.key.drop.range_del COUNT : 0
rocksdb.compaction.key.drop.user COUNT : 0
rocksdb.compaction.range_del.drop.obsolete COUNT : 0
rocksdb.compaction.optimized.del.drop.obsolete COUNT : 0
rocksdb.compaction.cancelled COUNT : 0
rocksdb.number.keys.written COUNT : 280851
rocksdb.number.keys.read COUNT : 1719149
rocksdb.number.keys.updated COUNT : 0
rocksdb.bytes.written COUNT : 27914403
rocksdb.bytes.read COUNT : 417881785
rocksdb.number.db.seek COUNT : 0
rocksdb.number.db.next COUNT : 0
rocksdb.number.db.prev COUNT : 0
rocksdb.number.db.seek.found COUNT : 0
rocksdb.number.db.next.found COUNT : 0
rocksdb.number.db.prev.found COUNT : 0
rocksdb.db.iter.bytes.read COUNT : 0
rocksdb.no.file.closes COUNT : 0
rocksdb.no.file.opens COUNT : 211
rocksdb.no.file.errors COUNT : 0
rocksdb.l0.slowdown.micros COUNT : 0
rocksdb.memtable.compaction.micros COUNT : 0
rocksdb.l0.num.files.stall.micros COUNT : 0
rocksdb.stall.micros COUNT : 0
rocksdb.db.mutex.wait.micros COUNT : 0
rocksdb.rate.limit.delay.millis COUNT : 0
rocksdb.num.iterators COUNT : 0
rocksdb.number.multiget.get COUNT : 0
rocksdb.number.multiget.keys.read COUNT : 0
rocksdb.number.multiget.bytes.read COUNT : 0
rocksdb.number.deletes.filtered COUNT : 0
rocksdb.number.merge.failures COUNT : 0
rocksdb.bloom.filter.prefix.checked COUNT : 0
rocksdb.bloom.filter.prefix.useful COUNT : 0
rocksdb.number.reseeks.iteration COUNT : 0
rocksdb.getupdatessince.calls COUNT : 0
rocksdb.block.cachecompressed.miss COUNT : 0
rocksdb.block.cachecompressed.hit COUNT : 0
rocksdb.block.cachecompressed.add COUNT : 0
rocksdb.block.cachecompressed.add.failures COUNT : 0
rocksdb.wal.synced COUNT : 0
rocksdb.wal.bytes COUNT : 27914403
rocksdb.write.self COUNT : 280851
rocksdb.write.other COUNT : 0
rocksdb.write.timeout COUNT : 0
rocksdb.write.wal COUNT : 280851
rocksdb.compact.read.bytes COUNT : 0
rocksdb.compact.write.bytes COUNT : 10958560
rocksdb.flush.write.bytes COUNT : 0
rocksdb.number.direct.load.table.properties COUNT : 0
rocksdb.number.superversion_acquires COUNT : 1
rocksdb.number.superversion_releases COUNT : 0
rocksdb.number.superversion_cleanups COUNT : 0
rocksdb.number.block.compressed COUNT : 5022
rocksdb.number.block.decompressed COUNT : 1745878
rocksdb.number.block.not_compressed COUNT : 0
rocksdb.merge.operation.time.nanos COUNT : 0
rocksdb.filter.operation.time.nanos COUNT : 0
rocksdb.row.cache.hit COUNT : 0
rocksdb.row.cache.miss COUNT : 0
rocksdb.read.amp.estimate.useful.bytes COUNT : 0
rocksdb.read.amp.total.read.bytes COUNT : 0
rocksdb.number.rate_limiter.drains COUNT : 0
rocksdb.number.iter.skip COUNT : 0
rocksdb.blobdb.num.put COUNT : 0
rocksdb.blobdb.num.write COUNT : 0
rocksdb.blobdb.num.get COUNT : 0
rocksdb.blobdb.num.multiget COUNT : 0
rocksdb.blobdb.num.seek COUNT : 0
rocksdb.blobdb.num.next COUNT : 0
rocksdb.blobdb.num.prev COUNT : 0
rocksdb.blobdb.num.keys.written COUNT : 0
rocksdb.blobdb.num.keys.read COUNT : 0
rocksdb.blobdb.bytes.written COUNT : 0
rocksdb.blobdb.bytes.read COUNT : 0
rocksdb.blobdb.write.inlined COUNT : 0
rocksdb.blobdb.write.inlined.ttl COUNT : 0
rocksdb.blobdb.write.blob COUNT : 0
rocksdb.blobdb.write.blob.ttl COUNT : 0
rocksdb.blobdb.blob.file.bytes.written COUNT : 0
rocksdb.blobdb.blob.file.bytes.read COUNT : 0
rocksdb.blobdb.blob.file.synced COUNT : 0
rocksdb.blobdb.blob.index.expired.count COUNT : 0
rocksdb.blobdb.blob.index.expired.size COUNT : 0
rocksdb.blobdb.blob.index.evicted.count COUNT : 0
rocksdb.blobdb.blob.index.evicted.size COUNT : 0
rocksdb.blobdb.gc.num.files COUNT : 0
rocksdb.blobdb.gc.num.new.files COUNT : 0
rocksdb.blobdb.gc.failures COUNT : 0
rocksdb.blobdb.gc.num.keys.overwritten COUNT : 0
rocksdb.blobdb.gc.num.keys.expired COUNT : 0
rocksdb.blobdb.gc.num.keys.relocated COUNT : 0
rocksdb.blobdb.gc.bytes.overwritten COUNT : 0
rocksdb.blobdb.gc.bytes.expired COUNT : 0
rocksdb.blobdb.gc.bytes.relocated COUNT : 0
rocksdb.blobdb.fifo.num.files.evicted COUNT : 0
rocksdb.blobdb.fifo.num.keys.evicted COUNT : 0
rocksdb.blobdb.fifo.bytes.evicted COUNT : 0
rocksdb.txn.overhead.mutex.prepare COUNT : 0
rocksdb.txn.overhead.mutex.old.commit.map COUNT : 0
rocksdb.txn.overhead.duplicate.key COUNT : 0
rocksdb.txn.overhead.mutex.snapshot COUNT : 0
rocksdb.number.multiget.keys.found COUNT : 0
rocksdb.num.iterator.created COUNT : 0
rocksdb.num.iterator.deleted COUNT : 0
rocksdb.block.cache.compression.dict.miss COUNT : 0
rocksdb.block.cache.compression.dict.hit COUNT : 0
rocksdb.block.cache.compression.dict.add COUNT : 0
rocksdb.block.cache.compression.dict.bytes.insert COUNT : 0
rocksdb.block.cache.compression.dict.bytes.evict COUNT : 0
rocksdb.db.get.micros P50 : 325.242707 P95 : 556.449023 P99 : 796.376958 P100 : 8468.000000 COUNT : 1719149 SUM : 589629561
rocksdb.db.write.micros P50 : 8.275698 P95 : 14.717021 P99 : 21.714532 P100 : 82.000000 COUNT : 280851 SUM : 2590392
rocksdb.compaction.times.micros P50 : 0.000000 P95 : 0.000000 P99 : 0.000000 P100 : 0.000000 COUNT : 0 SUM : 0
rocksdb.compaction.times.cpu_micros P50 : 0.000000 P95 : 0.000000 P99 : 0.000000 P100 : 0.000000 COUNT : 0 SUM : 0
rocksdb.subcompaction.setup.times.micros P50 : 0.000000 P95 : 0.000000 P99 : 0.000000 P100 : 0.000000 COUNT : 0 SUM : 0
rocksdb.table.sync.micros P50 : 1621.000000 P95 : 1621.000000 P99 : 1621.000000 P100 : 1621.000000 COUNT : 1 SUM : 1621
rocksdb.compaction.outfile.sync.micros P50 : 0.000000 P95 : 0.000000 P99 : 0.000000 P100 : 0.000000 COUNT : 0 SUM : 0
rocksdb.wal.file.sync.micros P50 : 0.000000 P95 : 0.000000 P99 : 0.000000 P100 : 0.000000 COUNT : 0 SUM : 0
rocksdb.manifest.file.sync.micros P50 : 338.000000 P95 : 338.000000 P99 : 338.000000 P100 : 338.000000 COUNT : 1 SUM : 338
rocksdb.table.open.io.micros P50 : 5877.142857 P95 : 10494.500000 P99 : 13954.900000 P100 : 15097.000000 COUNT : 211 SUM : 1319117
rocksdb.db.multiget.micros P50 : 0.000000 P95 : 0.000000 P99 : 0.000000 P100 : 0.000000 COUNT : 0 SUM : 0
rocksdb.read.block.compaction.micros P50 : 0.000000 P95 : 0.000000 P99 : 0.000000 P100 : 0.000000 COUNT : 0 SUM : 0
rocksdb.read.block.get.micros P50 : 322.624513 P95 : 508.106540 P99 : 567.735891 P100 : 8457.000000 COUNT : 1746089 SUM : 574146821
rocksdb.write.raw.block.micros P50 : 0.514857 P95 : 0.978227 P99 : 2.366279 P100 : 2327.000000 COUNT : 5025 SUM : 21583
rocksdb.l0.slowdown.count P50 : 0.000000 P95 : 0.000000 P99 : 0.000000 P100 : 0.000000 COUNT : 0 SUM : 0
rocksdb.memtable.compaction.count P50 : 0.000000 P95 : 0.000000 P99 : 0.000000 P100 : 0.000000 COUNT : 0 SUM : 0
rocksdb.num.files.stall.count P50 : 0.000000 P95 : 0.000000 P99 : 0.000000 P100 : 0.000000 COUNT : 0 SUM : 0
rocksdb.hard.rate.limit.delay.count P50 : 0.000000 P95 : 0.000000 P99 : 0.000000 P100 : 0.000000 COUNT : 0 SUM : 0
rocksdb.soft.rate.limit.delay.count P50 : 0.000000 P95 : 0.000000 P99 : 0.000000 P100 : 0.000000 COUNT : 0 SUM : 0
rocksdb.numfiles.in.singlecompaction P50 : 0.000000 P95 : 0.000000 P99 : 0.000000 P100 : 0.000000 COUNT : 0 SUM : 0
rocksdb.db.seek.micros P50 : 0.000000 P95 : 0.000000 P99 : 0.000000 P100 : 0.000000 COUNT : 0 SUM : 0
rocksdb.db.write.stall P50 : 0.000000 P95 : 0.000000 P99 : 0.000000 P100 : 0.000000 COUNT : 0 SUM : 0
rocksdb.sst.read.micros P50 : 322.410474 P95 : 506.776869 P99 : 567.525670 P100 : 8454.000000 COUNT : 1746080 SUM : 570407536
rocksdb.num.subcompactions.scheduled P50 : 0.000000 P95 : 0.000000 P99 : 0.000000 P100 : 0.000000 COUNT : 0 SUM : 0
rocksdb.bytes.per.read P50 : 310.928759 P95 : 373.339958 P99 : 378.887620 P100 : 992.000000 COUNT : 1719149 SUM : 417881785
rocksdb.bytes.per.write P50 : 86.138356 P95 : 186.163439 P99 : 317.095822 P100 : 1056.000000 COUNT : 280851 SUM : 27914403
rocksdb.bytes.per.multiget P50 : 0.000000 P95 : 0.000000 P99 : 0.000000 P100 : 0.000000 COUNT : 0 SUM : 0
rocksdb.bytes.compressed P50 : 3650.149373 P95 : 4325.283808 P99 : 4385.295758 P100 : 143259.000000 COUNT : 5022 SUM : 20414975
rocksdb.bytes.decompressed P50 : 3650.089364 P95 : 4325.172112 P99 : 4385.179468 P100 : 909328.000000 COUNT : 1745878 SUM : 7177035396
rocksdb.compression.times.nanos P50 : 0.000000 P95 : 0.000000 P99 : 0.000000 P100 : 0.000000 COUNT : 0 SUM : 0
rocksdb.decompression.times.nanos P50 : 0.000000 P95 : 0.000000 P99 : 0.000000 P100 : 0.000000 COUNT : 0 SUM : 0
rocksdb.read.num.merge_operands P50 : 0.000000 P95 : 0.000000 P99 : 0.000000 P100 : 0.000000 COUNT : 0 SUM : 0
rocksdb.blobdb.key.size P50 : 0.000000 P95 : 0.000000 P99 : 0.000000 P100 : 0.000000 COUNT : 0 SUM : 0
rocksdb.blobdb.value.size P50 : 0.000000 P95 : 0.000000 P99 : 0.000000 P100 : 0.000000 COUNT : 0 SUM : 0
rocksdb.blobdb.write.micros P50 : 0.000000 P95 : 0.000000 P99 : 0.000000 P100 : 0.000000 COUNT : 0 SUM : 0
rocksdb.blobdb.get.micros P50 : 0.000000 P95 : 0.000000 P99 : 0.000000 P100 : 0.000000 COUNT : 0 SUM : 0
rocksdb.blobdb.multiget.micros P50 : 0.000000 P95 : 0.000000 P99 : 0.000000 P100 : 0.000000 COUNT : 0 SUM : 0
rocksdb.blobdb.seek.micros P50 : 0.000000 P95 : 0.000000 P99 : 0.000000 P100 : 0.000000 COUNT : 0 SUM : 0
rocksdb.blobdb.next.micros P50 : 0.000000 P95 : 0.000000 P99 : 0.000000 P100 : 0.000000 COUNT : 0 SUM : 0
rocksdb.blobdb.prev.micros P50 : 0.000000 P95 : 0.000000 P99 : 0.000000 P100 : 0.000000 COUNT : 0 SUM : 0
rocksdb.blobdb.blob.file.write.micros P50 : 0.000000 P95 : 0.000000 P99 : 0.000000 P100 : 0.000000 COUNT : 0 SUM : 0
rocksdb.blobdb.blob.file.read.micros P50 : 0.000000 P95 : 0.000000 P99 : 0.000000 P100 : 0.000000 COUNT : 0 SUM : 0
rocksdb.blobdb.blob.file.sync.micros P50 : 0.000000 P95 : 0.000000 P99 : 0.000000 P100 : 0.000000 COUNT : 0 SUM : 0
rocksdb.blobdb.gc.micros P50 : 0.000000 P95 : 0.000000 P99 : 0.000000 P100 : 0.000000 COUNT : 0 SUM : 0
rocksdb.blobdb.compression.micros P50 : 0.000000 P95 : 0.000000 P99 : 0.000000 P100 : 0.000000 COUNT : 0 SUM : 0
rocksdb.blobdb.decompression.micros P50 : 0.000000 P95 : 0.000000 P99 : 0.000000 P100 : 0.000000 COUNT : 0 SUM : 0
rocksdb.db.flush.micros P50 : 0.000000 P95 : 0.000000 P99 : 0.000000 P100 : 0.000000 COUNT : 0 SUM : 0
rocksdb.sst.batch.size P50 : 0.000000 P95 : 0.000000 P99 : 0.000000 P100 : 0.000000 COUNT : 0 SUM : 0

